2017-05-09 00:00:00,001  INFO ReportJobForCustomerService:32 - 开始客户对账报表
  2017-05-09 00:00:00,006  INFO UpdateYService:136 - update Y begin
  2017-05-09 00:00:00,002  INFO ReportJobForWalletDetailService:26 - 开始钱包流水报表
  2017-05-09 00:00:00,017 ERROR UpdateYService:203 - 查询出box_item_id为空的箱子:[]
  2017-05-09 00:00:00,273  INFO ReportJobForCustomerService:419 - 分析2017-05-08的数据完成。总共耗时为：225毫秒。
  2017-05-09 00:00:02,104  INFO ReportJobForWalletDetailService:220 - 分析2017-05-09的数据完成。总共耗时为：2094毫秒。
  2017-05-09 00:10:00,002  INFO UpdateYService:136 - update Y begin
  2017-05-09 00:10:00,011 ERROR UpdateYService:203 - 查询出box_item_id为空的箱子:[]
  2017-05-09 00:20:00,003  INFO UpdateYService:136 - update Y begin
  2017-05-09 00:20:00,012 ERROR UpdateYService:203 - 查询出box_item_id为空的箱子:[]
  2017-05-09 00:30:00,002  INFO UpdateYService:136 - update Y begin
  2017-05-09 00:30:00,011 ERROR UpdateYService:203 - 查询出box_item_id为空的箱子:[]
  2017-05-09 00:40:00,003  INFO UpdateYService:136 - update Y begin
  2017-05-09 00:40:00,011 ERROR UpdateYService:203 - 查询出box_item_id为空的箱子:[]
  2017-05-09 00:50:00,003  INFO UpdateYService:136 - update Y begin
  2017-05-09 00:50:00,012 ERROR UpdateYService:203 - 查询出box_item_id为空的箱子:[]
  2017-05-09 01:00:00,003  INFO UpdateYService:136 - update Y begin
  2017-05-09 01:00:00,015 ERROR UpdateYService:203 - 查询出box_item_id为空的箱子:[]
  2017-05-09 01:10:00,002  INFO UpdateYService:136 - update Y begin
  2017-05-09 01:10:00,011 ERROR UpdateYService:203 - 查询出box_item_id为空的箱子:[]
  2017-05-09 01:20:00,002  INFO UpdateYService:136 - update Y begin
  2017-05-09 01:20:00,011 ERROR UpdateYService:203 - 查询出box_item_id为空的箱子:[]
  2017-05-09 01:30:00,004  INFO UpdateYService:136 - update Y begin
  2017-05-09 01:30:00,014 ERROR UpdateYService:203 - 查询出box_item_id为空的箱子:[]
  2017-05-09 01:40:00,002  INFO UpdateYService:136 - update Y begin
  2017-05-09 01:40:00,008 ERROR UpdateYService:203 - 查询出box_item_id为空的箱子:[]
  2017-05-09 01:50:00,003  INFO UpdateYService:136 - update Y begin
  2017-05-09 01:50:00,009 ERROR UpdateYService:203 - 查询出box_item_id为空的箱子:[]
  2017-05-09 02:00:00,003  INFO UpdateYService:136 - update Y begin
  2017-05-09 02:00:00,009 ERROR UpdateYService:203 - 查询出box_item_id为空的箱子:[]
  2017-05-09 02:10:00,002  INFO UpdateYService:136 - update Y begin
  2017-05-09 02:10:00,008 ERROR UpdateYService:203 - 查询出box_item_id为空的箱子:[]
  2017-05-09 02:20:00,003  INFO UpdateYService:136 - update Y begin
  2017-05-09 02:20:00,009 ERROR UpdateYService:203 - 查询出box_item_id为空的箱子:[]
  2017-05-09 02:30:00,002  INFO UpdateYService:136 - update Y begin
  2017-05-09 02:30:00,008 ERROR UpdateYService:203 - 查询出box_item_id为空的箱子:[]
  2017-05-09 02:40:00,001  INFO UpdateYService:136 - update Y begin
  2017-05-09 02:40:00,008 ERROR UpdateYService:203 - 查询出box_item_id为空的箱子:[]
  2017-05-09 02:50:00,002  INFO UpdateYService:136 - update Y begin
  2017-05-09 02:50:00,009 ERROR UpdateYService:203 - 查询出box_item_id为空的箱子:[]
  2017-05-09 03:00:00,003  INFO UpdateYService:136 - update Y begin
  2017-05-09 03:00:00,009 ERROR UpdateYService:203 - 查询出box_item_id为空的箱子:[]
  2017-05-09 03:10:00,002  INFO UpdateYService:136 - update Y begin
  2017-05-09 03:10:00,008 ERROR UpdateYService:203 - 查询出box_item_id为空的箱子:[]
  2017-05-09 03:20:00,002  INFO UpdateYService:136 - update Y begin
  2017-05-09 03:20:00,008 ERROR UpdateYService:203 - 查询出box_item_id为空的箱子:[]
  2017-05-09 03:30:00,001  INFO UpdateYService:136 - update Y begin
  2017-05-09 03:30:00,008 ERROR UpdateYService:203 - 查询出box_item_id为空的箱子:[]
  2017-05-09 03:40:00,002  INFO UpdateYService:136 - update Y begin
  2017-05-09 03:40:00,009 ERROR UpdateYService:203 - 查询出box_item_id为空的箱子:[]
  2017-05-09 03:50:00,003  INFO UpdateYService:136 - update Y begin
  2017-05-09 03:50:00,009 ERROR UpdateYService:203 - 查询出box_item_id为空的箱子:[]
  2017-05-09 04:00:00,003  INFO ReportJobService:55 - 开始分析2层2017-05-08的数据报表。开始时间为：1494273600003
  2017-05-09 04:00:00,005  INFO UpdateYService:136 - update Y begin
  2017-05-09 04:00:00,011 ERROR UpdateYService:203 - 查询出box_item_id为空的箱子:[]
  2017-05-09 04:00:07,232  INFO DruidDataSource:655 - {dataSource-2} inited
  2017-05-09 04:00:53,173 ERROR ReportJobService:1149 - get data--[{create_time=2017-05-09 03:59:31.0, sale_num=665, data_anlyz_time=2017-05-08 00:00:00.000, game_type=440, in_num=507, out_num=676}, {create_time=2017-05-09 03:59:31.0, sale_num=10763, data_anlyz_time=2017-05-08 00:00:00.000, game_type=570, in_num=17045, out_num=12829}, {create_time=2017-05-09 03:59:31.0, sale_num=151693, data_anlyz_time=2017-05-08 00:00:00.000, game_type=730, in_num=203630, out_num=188604}, {create_time=2017-05-09 03:59:31.0, sale_num=709, data_anlyz_time=2017-05-08 00:00:00.000, game_type=753, out_num=709}, {create_time=2017-05-09 03:59:31.0, sale_num=2669, data_anlyz_time=2017-05-08 00:00:00.000, game_type=295110, in_num=5637, out_num=2884}, {create_time=2017-05-09 03:59:31.0, sale_num=159837, data_anlyz_time=2017-05-08 00:00:00.000, game_type=433850, in_num=179570, out_num=160782}, {create_time=2017-05-09 03:59:31.0, sale_num=1011, data_anlyz_time=2017-05-08 00:00:00.000, game_type=578080, in_num=2110, out_num=1022}]
  2017-05-09 04:00:53,192  INFO ReportJobService:119 - 分析2017-05-08的数据完成。总共耗时为：53189毫秒。
  2017-05-09 04:00:58,194  INFO ReportJobService:55 - 开始分析2层2017-05-07的数据报表。开始时间为：1494273658194
  2017-05-09 04:01:46,437 ERROR ReportJobService:1149 - get data--[{create_time=2017-05-09 04:00:23.0, sale_num=465, data_anlyz_time=2017-05-07 00:00:00.000, game_type=440, in_num=318, out_num=469}, {create_time=2017-05-09 04:00:23.0, sale_num=11359, data_anlyz_time=2017-05-07 00:00:00.000, game_type=570, in_num=20772, out_num=13573}, {create_time=2017-05-09 04:00:23.0, sale_num=152186, data_anlyz_time=2017-05-07 00:00:00.000, game_type=730, in_num=186874, out_num=190151}, {create_time=2017-05-09 04:00:23.0, sale_num=717, data_anlyz_time=2017-05-07 00:00:00.000, game_type=753, out_num=717}, {create_time=2017-05-09 04:00:23.0, sale_num=2179, data_anlyz_time=2017-05-07 00:00:00.000, game_type=295110, in_num=5201, out_num=2349}, {create_time=2017-05-09 04:00:23.0, sale_num=157861, data_anlyz_time=2017-05-07 00:00:00.000, game_type=433850, in_num=169522, out_num=158706}, {create_time=2017-05-09 04:00:23.0, sale_num=972, data_anlyz_time=2017-05-07 00:00:00.000, game_type=578080, in_num=1154, out_num=972}]
  2017-05-09 04:01:46,441  INFO ReportJobService:119 - 分析2017-05-07的数据完成。总共耗时为：48247毫秒。
  2017-05-09 04:01:51,442  INFO ReportJobService:55 - 开始分析2层2017-05-06的数据报表。开始时间为：1494273711442
  2017-05-09 04:03:27,925 ERROR ReportJobService:1149 - get data--[{create_time=2017-05-09 04:01:59.0, sale_num=477, data_anlyz_time=2017-05-06 00:00:00.000, game_type=440, in_num=690, out_num=527}, {create_time=2017-05-09 04:01:59.0, sale_num=11589, data_anlyz_time=2017-05-06 00:00:00.000, game_type=570, in_num=18800, out_num=13904}, {create_time=2017-05-09 04:01:59.0, sale_num=156504, data_anlyz_time=2017-05-06 00:00:00.000, game_type=730, in_num=194691, out_num=192685}, {create_time=2017-05-09 04:01:59.0, sale_num=1052, data_anlyz_time=2017-05-06 00:00:00.000, game_type=753, out_num=1052}, {create_time=2017-05-09 04:01:59.0, sale_num=2336, data_anlyz_time=2017-05-06 00:00:00.000, game_type=295110, in_num=3913, out_num=2697}, {create_time=2017-05-09 04:01:59.0, sale_num=361892, data_anlyz_time=2017-05-06 00:00:00.000, game_type=433850, in_num=542300, out_num=528863}, {create_time=2017-05-09 04:01:59.0, sale_num=831, data_anlyz_time=2017-05-06 00:00:00.000, game_type=578080, in_num=1341, out_num=833}]
  2017-05-09 04:03:27,930  INFO ReportJobService:119 - 分析2017-05-06的数据完成。总共耗时为：96488毫秒。
  2017-05-09 04:03:32,931  INFO ReportJobService:136 - 开始分析3层2017-05-08的数据报表。开始时间为：1494273812931
  2017-05-09 04:03:33,409  INFO ReportJobService:143 - 分析3层2017-05-08报表完成.........................................
  2017-05-09 04:03:33,409  INFO ReportJobService:146 - 分析3层2017-05-08的数据完成。总共耗时为：478毫秒。
  2017-05-09 04:03:38,409  INFO ReportJobService:136 - 开始分析3层2017-05-07的数据报表。开始时间为：1494273818409
  2017-05-09 04:03:38,885  INFO ReportJobService:143 - 分析3层2017-05-07报表完成.........................................
  2017-05-09 04:03:38,885  INFO ReportJobService:146 - 分析3层2017-05-07的数据完成。总共耗时为：476毫秒。
  2017-05-09 04:03:43,886  INFO ReportJobService:136 - 开始分析3层2017-05-06的数据报表。开始时间为：1494273823886
  2017-05-09 04:03:44,360  INFO ReportJobService:143 - 分析3层2017-05-06报表完成.........................................
  2017-05-09 04:03:44,360  INFO ReportJobService:146 - 分析3层2017-05-06的数据完成。总共耗时为：474毫秒。
  2017-05-09 04:03:49,361 ERROR ReportJobService:280 - --开始分析2017-05-08号的卖家统计报表
  2017-05-09 04:10:00,003  INFO UpdateYService:136 - update Y begin
  2017-05-09 04:10:00,010 ERROR UpdateYService:203 - 查询出box_item_id为空的箱子:[]
  2017-05-09 04:20:00,002  INFO UpdateYService:136 - update Y begin
  2017-05-09 04:20:00,009 ERROR UpdateYService:203 - 查询出box_item_id为空的箱子:[]
  2017-05-09 04:30:00,001  INFO UpdateYService:136 - update Y begin
  2017-05-09 04:30:00,008 ERROR UpdateYService:203 - 查询出box_item_id为空的箱子:[]
  2017-05-09 04:40:00,001  INFO UpdateYService:136 - update Y begin
  2017-05-09 04:40:00,008 ERROR UpdateYService:203 - 查询出box_item_id为空的箱子:[]
  2017-05-09 04:50:00,002  INFO UpdateYService:136 - update Y begin
  2017-05-09 04:50:00,008 ERROR UpdateYService:203 - 查询出box_item_id为空的箱子:[]
  2017-05-09 04:51:02,605  INFO ReportJobService:171 - 分析3天的数据完成。总共耗时为：3062603毫秒。
  2017-05-09 05:00:00,002  INFO UpdateYService:136 - update Y begin
  2017-05-09 05:00:00,008 ERROR UpdateYService:203 - 查询出box_item_id为空的箱子:[]
  2017-05-09 05:10:00,001  INFO UpdateYService:136 - update Y begin
  2017-05-09 05:10:00,052 ERROR UpdateYService:203 - 查询出box_item_id为空的箱子:[]
  2017-05-09 05:20:00,001  INFO UpdateYService:136 - update Y begin
  2017-05-09 05:20:00,051 ERROR UpdateYService:203 - 查询出box_item_id为空的箱子:[]
  2017-05-09 05:30:00,002  INFO UpdateYService:136 - update Y begin
  2017-05-09 05:30:00,033 ERROR UpdateYService:203 - 查询出box_item_id为空的箱子:[]
  2017-05-09 05:40:00,001  INFO UpdateYService:136 - update Y begin
  2017-05-09 05:40:00,008 ERROR UpdateYService:203 - 查询出box_item_id为空的箱子:[]
  2017-05-09 05:50:00,001  INFO UpdateYService:136 - update Y begin
  2017-05-09 05:50:00,008 ERROR UpdateYService:203 - 查询出box_item_id为空的箱子:[]
  2017-05-09 06:00:00,002  INFO UpdateYService:136 - update Y begin
  2017-05-09 06:00:00,008 ERROR UpdateYService:203 - 查询出box_item_id为空的箱子:[]
  2017-05-09 06:10:00,002  INFO UpdateYService:136 - update Y begin
  2017-05-09 06:10:00,009 ERROR UpdateYService:203 - 查询出box_item_id为空的箱子:[]
  2017-05-09 06:20:00,002  INFO UpdateYService:136 - update Y begin
  2017-05-09 06:20:00,009 ERROR UpdateYService:203 - 查询出box_item_id为空的箱子:[]
  2017-05-09 06:30:00,002  INFO UpdateYService:136 - update Y begin
  2017-05-09 06:30:00,009 ERROR UpdateYService:203 - 查询出box_item_id为空的箱子:[]
  2017-05-09 06:40:00,001  INFO UpdateYService:136 - update Y begin
  2017-05-09 06:40:00,008 ERROR UpdateYService:203 - 查询出box_item_id为空的箱子:[]
  2017-05-09 06:50:00,001  INFO UpdateYService:136 - update Y begin
  2017-05-09 06:50:00,008 ERROR UpdateYService:203 - 查询出box_item_id为空的箱子:[]
  2017-05-09 07:00:00,003  INFO UpdateYService:136 - update Y begin
  2017-05-09 07:00:00,009 ERROR UpdateYService:203 - 查询出box_item_id为空的箱子:[]
  2017-05-09 07:10:00,004  INFO UpdateYService:136 - update Y begin
  2017-05-09 07:10:00,010 ERROR UpdateYService:203 - 查询出box_item_id为空的箱子:[]
  2017-05-09 07:20:00,003  INFO UpdateYService:136 - update Y begin
  2017-05-09 07:20:00,009 ERROR UpdateYService:203 - 查询出box_item_id为空的箱子:[]
  2017-05-09 07:30:00,003  INFO UpdateYService:136 - update Y begin
  2017-05-09 07:30:00,009 ERROR UpdateYService:203 - 查询出box_item_id为空的箱子:[]
  2017-05-09 07:40:00,002  INFO UpdateYService:136 - update Y begin
  2017-05-09 07:40:00,009 ERROR UpdateYService:203 - 查询出box_item_id为空的箱子:[]
  2017-05-09 07:50:00,001  INFO UpdateYService:136 - update Y begin
  2017-05-09 07:50:00,008 ERROR UpdateYService:203 - 查询出box_item_id为空的箱子:[]
  2017-05-09 08:00:00,002  INFO UpdateYService:136 - update Y begin
  2017-05-09 08:00:00,009 ERROR UpdateYService:203 - 查询出box_item_id为空的箱子:[]
  2017-05-09 08:10:00,002  INFO UpdateYService:136 - update Y begin
  2017-05-09 08:10:00,008 ERROR UpdateYService:203 - 查询出box_item_id为空的箱子:[]
  2017-05-09 08:20:00,003  INFO UpdateYService:136 - update Y begin
  2017-05-09 08:20:00,009 ERROR UpdateYService:203 - 查询出box_item_id为空的箱子:[]
  2017-05-09 08:30:00,001  INFO UpdateYService:136 - update Y begin
  2017-05-09 08:30:00,008 ERROR UpdateYService:203 - 查询出box_item_id为空的箱子:[]
  2017-05-09 08:40:00,002  INFO UpdateYService:136 - update Y begin
  2017-05-09 08:40:00,009 ERROR UpdateYService:203 - 查询出box_item_id为空的箱子:[]
  2017-05-09 08:50:00,001  INFO UpdateYService:136 - update Y begin
  2017-05-09 08:50:00,007 ERROR UpdateYService:203 - 查询出box_item_id为空的箱子:[]
  2017-05-09 09:00:00,000  INFO UpdateYService:136 - update Y begin
  2017-05-09 09:00:00,006 ERROR UpdateYService:203 - 查询出box_item_id为空的箱子:[]
  2017-05-09 09:10:00,002  INFO UpdateYService:136 - update Y begin
  2017-05-09 09:10:00,009 ERROR UpdateYService:203 - 查询出box_item_id为空的箱子:[]
  2017-05-09 09:23:03,351  INFO AppController:48 - Starting AppController on SO032YZZVSMQVSS with PID 14272 (D:\eclipsejavaee\csgo_robot\target\classes started by Administrator in D:\eclipsejavaee\csgo_robot)
  2017-05-09 09:23:03,353  INFO AppController:666 - No active profile set, falling back to default profiles: default
  2017-05-09 09:23:03,405  INFO AnnotationConfigEmbeddedWebApplicationContext:578 - Refreshing org.springframework.boot.context.embedded.AnnotationConfigEmbeddedWebApplicationContext@6a6afff2: startup date [Tue May 09 09:23:03 CST 2017]; root of context hierarchy
  2017-05-09 09:23:03,573  INFO Version:17 - HV000001: Hibernate Validator 5.2.2.Final
  2017-05-09 09:23:03,946  INFO XmlBeanDefinitionReader:317 - Loading XML bean definitions from class path resource [applicationContext.xml]
  2017-05-09 09:23:04,120  INFO DefaultListableBeanFactory:839 - Overriding bean definition for bean 'beanNameViewResolver' with a different definition: replacing [Root bean: class [null]; scope=; abstract=false; lazyInit=false; autowireMode=3; dependencyCheck=0; autowireCandidate=true; primary=false; factoryBeanName=org.springframework.boot.autoconfigure.web.ErrorMvcAutoConfiguration$WhitelabelErrorViewConfiguration; factoryMethodName=beanNameViewResolver; initMethodName=null; destroyMethodName=(inferred); defined in class path resource [org/springframework/boot/autoconfigure/web/ErrorMvcAutoConfiguration$WhitelabelErrorViewConfiguration.class]] with [Root bean: class [null]; scope=; abstract=false; lazyInit=false; autowireMode=3; dependencyCheck=0; autowireCandidate=true; primary=false; factoryBeanName=org.springframework.boot.autoconfigure.web.WebMvcAutoConfiguration$WebMvcAutoConfigurationAdapter; factoryMethodName=beanNameViewResolver; initMethodName=null; destroyMethodName=(inferred); defined in class path resource [org/springframework/boot/autoconfigure/web/WebMvcAutoConfiguration$WebMvcAutoConfigurationAdapter.class]]
  2017-05-09 09:23:04,143  WARN ClassPathMapperScanner:167 - No MyBatis mapper was found in '[com.softisland]' package. Please check your configuration.
  2017-05-09 09:23:04,768  INFO PostProcessorRegistrationDelegate$BeanPostProcessorChecker:328 - Bean 'org.springframework.transaction.annotation.ProxyTransactionManagementConfiguration' of type [class org.springframework.transaction.annotation.ProxyTransactionManagementConfiguration$$EnhancerBySpringCGLIB$$b0f9a68b] is not eligible for getting processed by all BeanPostProcessors (for example: not eligible for auto-proxying)
  2017-05-09 09:23:05,502  INFO TomcatEmbeddedServletContainer:81 - Tomcat initialized with port(s): 8085 (http)
  2017-05-09 09:23:05,515  INFO StandardService:180 - Starting service Tomcat
  2017-05-09 09:23:05,516  INFO StandardEngine:180 - Starting Servlet Engine: Apache Tomcat/8.0.30
  2017-05-09 09:23:05,804  INFO TldScanner:180 - At least one JAR was scanned for TLDs yet contained no TLDs. Enable debug logging for this logger for a complete list of JARs that were scanned but no TLDs were found in them. Skipping unneeded JARs during scanning can improve startup time and JSP compilation time.
  2017-05-09 09:23:05,807  INFO [/]:180 - Initializing Spring embedded WebApplicationContext
  2017-05-09 09:23:05,808  INFO ContextLoader:272 - Root WebApplicationContext: initialization completed in 2405 ms
  2017-05-09 09:23:06,162  INFO ServletRegistrationBean:189 - Mapping servlet: 'dispatcherServlet' to [/]
  2017-05-09 09:23:06,167  INFO FilterRegistrationBean:258 - Mapping filter: 'characterEncodingFilter' to: [/*]
  2017-05-09 09:23:06,169  INFO FilterRegistrationBean:258 - Mapping filter: 'hiddenHttpMethodFilter' to: [/*]
  2017-05-09 09:23:06,169  INFO FilterRegistrationBean:258 - Mapping filter: 'httpPutFormContentFilter' to: [/*]
  2017-05-09 09:23:06,169  INFO FilterRegistrationBean:258 - Mapping filter: 'requestContextFilter' to: [/*]
  2017-05-09 09:23:07,608  INFO StdSchedulerFactory:1184 - Using default implementation for ThreadExecutor
  2017-05-09 09:23:07,625  INFO SchedulerSignalerImpl:61 - Initialized Scheduler Signaller of type: class org.quartz.core.SchedulerSignalerImpl
  2017-05-09 09:23:07,626  INFO QuartzScheduler:240 - Quartz Scheduler v.2.2.1 created.
  2017-05-09 09:23:07,627  INFO RAMJobStore:155 - RAMJobStore initialized.
  2017-05-09 09:23:07,628  INFO QuartzScheduler:305 - Scheduler meta-data: Quartz Scheduler (v2.2.1) 'startQuertz' with instanceId 'NON_CLUSTERED'
  Scheduler class: 'org.quartz.core.QuartzScheduler' - running locally.
  NOT STARTED.
  Currently in standby mode.
  Number of jobs executed: 0
  Using thread pool 'org.quartz.simpl.SimpleThreadPool' - with 10 threads.
  Using job-store 'org.quartz.simpl.RAMJobStore' - which does not support persistence. and is not clustered.

  2017-05-09 09:23:07,629  INFO StdSchedulerFactory:1339 - Quartz scheduler 'startQuertz' initialized from an externally provided properties instance.
  2017-05-09 09:23:07,630  INFO StdSchedulerFactory:1343 - Quartz scheduler version: 2.2.1
  2017-05-09 09:23:07,632  INFO QuartzScheduler:2311 - JobFactory set to: org.springframework.scheduling.quartz.AdaptableJobFactory@2eda072
  2017-05-09 09:23:07,870  INFO RequestMappingHandlerAdapter:532 - Looking for @ControllerAdvice: org.springframework.boot.context.embedded.AnnotationConfigEmbeddedWebApplicationContext@6a6afff2: startup date [Tue May 09 09:23:03 CST 2017]; root of context hierarchy
  2017-05-09 09:23:07,936  INFO RequestMappingHandlerMapping:527 - Mapped "{[/message]}" onto public void com.softisland.controller.TestConcller.message()
  2017-05-09 09:23:07,937  INFO RequestMappingHandlerMapping:527 - Mapped "{[/addPayMent]}" onto public void com.softisland.controller.TestConcller.addPayMent()
  2017-05-09 09:23:07,937  INFO RequestMappingHandlerMapping:527 - Mapped "{[/addCoupon]}" onto public void com.softisland.controller.TestConcller.addCoupon()
  2017-05-09 09:23:07,937  INFO RequestMappingHandlerMapping:527 - Mapped "{[/defaultPage]}" onto public org.springframework.web.servlet.ModelAndView com.softisland.controller.TestConcller.defaultPage()
  2017-05-09 09:23:07,938  INFO RequestMappingHandlerMapping:527 - Mapped "{[/webSet]}" onto public org.springframework.web.servlet.ModelAndView com.softisland.controller.TestConcller.webSet()
  2017-05-09 09:23:07,938  INFO RequestMappingHandlerMapping:527 - Mapped "{[/save]}" onto public void com.softisland.controller.TestConcller.setKey()
  2017-05-09 09:23:07,941  INFO RequestMappingHandlerMapping:527 - Mapped "{[/error]}" onto public org.springframework.http.ResponseEntity<java.util.Map<java.lang.String, java.lang.Object>> org.springframework.boot.autoconfigure.web.BasicErrorController.error(javax.servlet.http.HttpServletRequest)
  2017-05-09 09:23:07,941  INFO RequestMappingHandlerMapping:527 - Mapped "{[/error],produces=[text/html]}" onto public org.springframework.web.servlet.ModelAndView org.springframework.boot.autoconfigure.web.BasicErrorController.errorHtml(javax.servlet.http.HttpServletRequest,javax.servlet.http.HttpServletResponse)
  2017-05-09 09:23:07,987  INFO SimpleUrlHandlerMapping:341 - Mapped URL path [/webjars/**] onto handler of type [class org.springframework.web.servlet.resource.ResourceHttpRequestHandler]
  2017-05-09 09:23:07,987  INFO SimpleUrlHandlerMapping:341 - Mapped URL path [/**] onto handler of type [class org.springframework.web.servlet.resource.ResourceHttpRequestHandler]
  2017-05-09 09:23:08,036  INFO SimpleUrlHandlerMapping:341 - Mapped URL path [/**/favicon.ico] onto handler of type [class org.springframework.web.servlet.resource.ResourceHttpRequestHandler]
  2017-05-09 09:23:08,353  INFO AnnotationMBeanExporter:431 - Registering beans for JMX exposure on startup
  2017-05-09 09:23:08,354  INFO AnnotationMBeanExporter:912 - Bean with name 'DataSource' has been autodetected for JMX exposure
  2017-05-09 09:23:08,354  INFO AnnotationMBeanExporter:912 - Bean with name 'DataSource2' has been autodetected for JMX exposure
  2017-05-09 09:23:08,359  INFO AnnotationMBeanExporter:667 - Located MBean 'DataSource2': registering with JMX server as MBean [com.alibaba.druid.pool:name=DataSource2,type=DruidDataSource]
  2017-05-09 09:23:08,361  INFO AnnotationMBeanExporter:667 - Located MBean 'DataSource': registering with JMX server as MBean [com.alibaba.druid.pool:name=DataSource,type=DruidDataSource]
  2017-05-09 09:23:08,364  INFO DefaultLifecycleProcessor:341 - Starting beans in phase 2147483647
  2017-05-09 09:23:08,364  INFO SchedulerFactoryBean:647 - Starting Quartz Scheduler now
  2017-05-09 09:23:08,364  INFO QuartzScheduler:575 - Scheduler startQuertz_$_NON_CLUSTERED started.
  2017-05-09 09:23:08,391  INFO Http11NioProtocol:180 - Initializing ProtocolHandler ["http-nio-8085"]
  2017-05-09 09:23:08,397  INFO Http11NioProtocol:180 - Starting ProtocolHandler ["http-nio-8085"]
  2017-05-09 09:23:08,410  INFO NioSelectorPool:180 - Using a shared selector for servlet write/read
  2017-05-09 09:23:08,439  INFO TomcatEmbeddedServletContainer:162 - Tomcat started on port(s): 8085 (http)
  2017-05-09 09:23:08,443  INFO AppController:57 - Started AppController in 5.339 seconds (JVM running for 5.699)
  2017-05-09 09:23:33,904  INFO DruidDataSource:655 - {dataSource-1} inited
  2017-05-09 09:23:52,636  INFO AutoDealGoodsService:161 - 570&4130658正在执行
  2017-05-09 09:26:08,364  INFO AutoDealGoodsService:161 - 570&4130658正在执行
  2017-05-09 09:27:35,540  INFO AutoDealGoodsService:161 - 570&4130658正在执行
  2017-05-09 09:30:00,009  INFO UpdateYService:136 - update Y begin
  2017-05-09 09:30:00,031 ERROR UpdateYService:203 - 查询出box_item_id为空的箱子:[]
  2017-05-09 09:40:00,001  INFO UpdateYService:136 - update Y begin
  2017-05-09 09:40:00,008 ERROR UpdateYService:203 - 查询出box_item_id为空的箱子:[]
  2017-05-09 09:41:18,934  INFO AppController:48 - Starting AppController on SO032YZZVSMQVSS with PID 20008 (D:\eclipsejavaee\csgo_robot\target\classes started by Administrator in D:\eclipsejavaee\csgo_robot)
  2017-05-09 09:41:18,936  INFO AppController:666 - No active profile set, falling back to default profiles: default
  2017-05-09 09:41:18,988  INFO AnnotationConfigEmbeddedWebApplicationContext:578 - Refreshing org.springframework.boot.context.embedded.AnnotationConfigEmbeddedWebApplicationContext@5609159b: startup date [Tue May 09 09:41:18 CST 2017]; root of context hierarchy
  2017-05-09 09:41:19,117  INFO Version:17 - HV000001: Hibernate Validator 5.2.2.Final
  2017-05-09 09:41:19,515  INFO XmlBeanDefinitionReader:317 - Loading XML bean definitions from class path resource [applicationContext.xml]
  2017-05-09 09:41:19,659  INFO DefaultListableBeanFactory:839 - Overriding bean definition for bean 'beanNameViewResolver' with a different definition: replacing [Root bean: class [null]; scope=; abstract=false; lazyInit=false; autowireMode=3; dependencyCheck=0; autowireCandidate=true; primary=false; factoryBeanName=org.springframework.boot.autoconfigure.web.ErrorMvcAutoConfiguration$WhitelabelErrorViewConfiguration; factoryMethodName=beanNameViewResolver; initMethodName=null; destroyMethodName=(inferred); defined in class path resource [org/springframework/boot/autoconfigure/web/ErrorMvcAutoConfiguration$WhitelabelErrorViewConfiguration.class]] with [Root bean: class [null]; scope=; abstract=false; lazyInit=false; autowireMode=3; dependencyCheck=0; autowireCandidate=true; primary=false; factoryBeanName=org.springframework.boot.autoconfigure.web.WebMvcAutoConfiguration$WebMvcAutoConfigurationAdapter; factoryMethodName=beanNameViewResolver; initMethodName=null; destroyMethodName=(inferred); defined in class path resource [org/springframework/boot/autoconfigure/web/WebMvcAutoConfiguration$WebMvcAutoConfigurationAdapter.class]]
  2017-05-09 09:41:19,681  WARN ClassPathMapperScanner:167 - No MyBatis mapper was found in '[com.softisland]' package. Please check your configuration.
  2017-05-09 09:41:20,045  INFO PostProcessorRegistrationDelegate$BeanPostProcessorChecker:328 - Bean 'org.springframework.transaction.annotation.ProxyTransactionManagementConfiguration' of type [class org.springframework.transaction.annotation.ProxyTransactionManagementConfiguration$$EnhancerBySpringCGLIB$$9bed72b2] is not eligible for getting processed by all BeanPostProcessors (for example: not eligible for auto-proxying)
  2017-05-09 09:41:20,657  INFO TomcatEmbeddedServletContainer:81 - Tomcat initialized with port(s): 8085 (http)
  2017-05-09 09:41:20,669  INFO StandardService:180 - Starting service Tomcat
  2017-05-09 09:41:20,671  INFO StandardEngine:180 - Starting Servlet Engine: Apache Tomcat/8.0.30
  2017-05-09 09:41:20,940  INFO TldScanner:180 - At least one JAR was scanned for TLDs yet contained no TLDs. Enable debug logging for this logger for a complete list of JARs that were scanned but no TLDs were found in them. Skipping unneeded JARs during scanning can improve startup time and JSP compilation time.
  2017-05-09 09:41:20,943  INFO [/]:180 - Initializing Spring embedded WebApplicationContext
  2017-05-09 09:41:20,943  INFO ContextLoader:272 - Root WebApplicationContext: initialization completed in 1957 ms
  2017-05-09 09:41:21,292  INFO ServletRegistrationBean:189 - Mapping servlet: 'dispatcherServlet' to [/]
  2017-05-09 09:41:21,298  INFO FilterRegistrationBean:258 - Mapping filter: 'characterEncodingFilter' to: [/*]
  2017-05-09 09:41:21,299  INFO FilterRegistrationBean:258 - Mapping filter: 'hiddenHttpMethodFilter' to: [/*]
  2017-05-09 09:41:21,300  INFO FilterRegistrationBean:258 - Mapping filter: 'httpPutFormContentFilter' to: [/*]
  2017-05-09 09:41:21,300  INFO FilterRegistrationBean:258 - Mapping filter: 'requestContextFilter' to: [/*]
  2017-05-09 09:41:22,666  INFO StdSchedulerFactory:1184 - Using default implementation for ThreadExecutor
  2017-05-09 09:41:22,689  INFO SchedulerSignalerImpl:61 - Initialized Scheduler Signaller of type: class org.quartz.core.SchedulerSignalerImpl
  2017-05-09 09:41:22,689  INFO QuartzScheduler:240 - Quartz Scheduler v.2.2.1 created.
  2017-05-09 09:41:22,691  INFO RAMJobStore:155 - RAMJobStore initialized.
  2017-05-09 09:41:22,691  INFO QuartzScheduler:305 - Scheduler meta-data: Quartz Scheduler (v2.2.1) 'startQuertz' with instanceId 'NON_CLUSTERED'
  Scheduler class: 'org.quartz.core.QuartzScheduler' - running locally.
  NOT STARTED.
  Currently in standby mode.
  Number of jobs executed: 0
  Using thread pool 'org.quartz.simpl.SimpleThreadPool' - with 10 threads.
  Using job-store 'org.quartz.simpl.RAMJobStore' - which does not support persistence. and is not clustered.

  2017-05-09 09:41:22,693  INFO StdSchedulerFactory:1339 - Quartz scheduler 'startQuertz' initialized from an externally provided properties instance.
  2017-05-09 09:41:22,694  INFO StdSchedulerFactory:1343 - Quartz scheduler version: 2.2.1
  2017-05-09 09:41:22,697  INFO QuartzScheduler:2311 - JobFactory set to: org.springframework.scheduling.quartz.AdaptableJobFactory@1d8b0500
  2017-05-09 09:41:22,944  INFO RequestMappingHandlerAdapter:532 - Looking for @ControllerAdvice: org.springframework.boot.context.embedded.AnnotationConfigEmbeddedWebApplicationContext@5609159b: startup date [Tue May 09 09:41:18 CST 2017]; root of context hierarchy
  2017-05-09 09:41:23,010  INFO RequestMappingHandlerMapping:527 - Mapped "{[/message]}" onto public void com.softisland.controller.TestConcller.message()
  2017-05-09 09:41:23,011  INFO RequestMappingHandlerMapping:527 - Mapped "{[/addCoupon]}" onto public void com.softisland.controller.TestConcller.addCoupon()
  2017-05-09 09:41:23,011  INFO RequestMappingHandlerMapping:527 - Mapped "{[/addPayMent]}" onto public void com.softisland.controller.TestConcller.addPayMent()
  2017-05-09 09:41:23,011  INFO RequestMappingHandlerMapping:527 - Mapped "{[/defaultPage]}" onto public org.springframework.web.servlet.ModelAndView com.softisland.controller.TestConcller.defaultPage()
  2017-05-09 09:41:23,011  INFO RequestMappingHandlerMapping:527 - Mapped "{[/webSet]}" onto public org.springframework.web.servlet.ModelAndView com.softisland.controller.TestConcller.webSet()
  2017-05-09 09:41:23,011  INFO RequestMappingHandlerMapping:527 - Mapped "{[/save]}" onto public void com.softisland.controller.TestConcller.setKey()
  2017-05-09 09:41:23,013  INFO RequestMappingHandlerMapping:527 - Mapped "{[/error]}" onto public org.springframework.http.ResponseEntity<java.util.Map<java.lang.String, java.lang.Object>> org.springframework.boot.autoconfigure.web.BasicErrorController.error(javax.servlet.http.HttpServletRequest)
  2017-05-09 09:41:23,014  INFO RequestMappingHandlerMapping:527 - Mapped "{[/error],produces=[text/html]}" onto public org.springframework.web.servlet.ModelAndView org.springframework.boot.autoconfigure.web.BasicErrorController.errorHtml(javax.servlet.http.HttpServletRequest,javax.servlet.http.HttpServletResponse)
  2017-05-09 09:41:23,055  INFO SimpleUrlHandlerMapping:341 - Mapped URL path [/webjars/**] onto handler of type [class org.springframework.web.servlet.resource.ResourceHttpRequestHandler]
  2017-05-09 09:41:23,055  INFO SimpleUrlHandlerMapping:341 - Mapped URL path [/**] onto handler of type [class org.springframework.web.servlet.resource.ResourceHttpRequestHandler]
  2017-05-09 09:41:23,138  INFO SimpleUrlHandlerMapping:341 - Mapped URL path [/**/favicon.ico] onto handler of type [class org.springframework.web.servlet.resource.ResourceHttpRequestHandler]
  2017-05-09 09:41:23,399  INFO AnnotationMBeanExporter:431 - Registering beans for JMX exposure on startup
  2017-05-09 09:41:23,400  INFO AnnotationMBeanExporter:912 - Bean with name 'DataSource' has been autodetected for JMX exposure
  2017-05-09 09:41:23,401  INFO AnnotationMBeanExporter:912 - Bean with name 'DataSource2' has been autodetected for JMX exposure
  2017-05-09 09:41:23,406  INFO AnnotationMBeanExporter:667 - Located MBean 'DataSource2': registering with JMX server as MBean [com.alibaba.druid.pool:name=DataSource2,type=DruidDataSource]
  2017-05-09 09:41:23,408  INFO AnnotationMBeanExporter:667 - Located MBean 'DataSource': registering with JMX server as MBean [com.alibaba.druid.pool:name=DataSource,type=DruidDataSource]
  2017-05-09 09:41:23,410  INFO DefaultLifecycleProcessor:341 - Starting beans in phase 2147483647
  2017-05-09 09:41:23,411  INFO SchedulerFactoryBean:647 - Starting Quartz Scheduler now
  2017-05-09 09:41:23,411  INFO QuartzScheduler:575 - Scheduler startQuertz_$_NON_CLUSTERED started.
  2017-05-09 09:41:23,436  INFO Http11NioProtocol:180 - Initializing ProtocolHandler ["http-nio-8085"]
  2017-05-09 09:41:23,442  INFO Http11NioProtocol:180 - Starting ProtocolHandler ["http-nio-8085"]
  2017-05-09 09:41:23,455  INFO NioSelectorPool:180 - Using a shared selector for servlet write/read
  2017-05-09 09:41:23,485  INFO TomcatEmbeddedServletContainer:162 - Tomcat started on port(s): 8085 (http)
  2017-05-09 09:41:23,490  INFO AppController:57 - Started AppController in 4.799 seconds (JVM running for 5.128)
  2017-05-09 09:42:32,643  INFO DruidDataSource:655 - {dataSource-1} inited
  2017-05-09 09:42:34,307  INFO AutoDealGoodsService:133 - 433850&6916正在执行
  2017-05-09 09:42:34,960  INFO AutoDealGoodsService:161 - 570&4130658正在执行
  2017-05-09 09:42:34,974  INFO AutoDealGoodsService:171 - 4130658处理了吞货
  2017-05-09 09:42:35,594  INFO AutoDealGoodsService:133 - 433850&6916正在执行
  2017-05-09 09:42:36,080  INFO AutoDealGoodsService:133 - 433850&6916正在执行
  2017-05-09 09:42:36,496  INFO AutoDealGoodsService:133 - 433850&6916正在执行
  2017-05-09 09:42:36,973  INFO AutoDealGoodsService:133 - 433850&6916正在执行
  2017-05-09 09:42:36,990  INFO AutoDealGoodsService:154 - 6916处理了吞货
  2017-05-09 09:42:37,329  INFO AutoDealGoodsService:179 - 730&6912正在执行
  2017-05-09 09:42:37,432  INFO AutoDealGoodsService:215 - 6912处理了吞货
  2017-05-09 10:07:27,309  INFO AppController:48 - Starting AppController on SO032YZZVSMQVSS with PID 32860 (D:\eclipsejavaee\csgo_robot\target\classes started by Administrator in D:\eclipsejavaee\csgo_robot)
  2017-05-09 10:07:27,311  INFO AppController:666 - No active profile set, falling back to default profiles: default
  2017-05-09 10:07:27,347  INFO AnnotationConfigEmbeddedWebApplicationContext:578 - Refreshing org.springframework.boot.context.embedded.AnnotationConfigEmbeddedWebApplicationContext@7ce6a65d: startup date [Tue May 09 10:07:27 CST 2017]; root of context hierarchy
  2017-05-09 10:07:27,519  INFO Version:17 - HV000001: Hibernate Validator 5.2.2.Final
  2017-05-09 10:07:27,837  INFO XmlBeanDefinitionReader:317 - Loading XML bean definitions from class path resource [applicationContext.xml]
  2017-05-09 10:07:27,965  INFO DefaultListableBeanFactory:839 - Overriding bean definition for bean 'beanNameViewResolver' with a different definition: replacing [Root bean: class [null]; scope=; abstract=false; lazyInit=false; autowireMode=3; dependencyCheck=0; autowireCandidate=true; primary=false; factoryBeanName=org.springframework.boot.autoconfigure.web.ErrorMvcAutoConfiguration$WhitelabelErrorViewConfiguration; factoryMethodName=beanNameViewResolver; initMethodName=null; destroyMethodName=(inferred); defined in class path resource [org/springframework/boot/autoconfigure/web/ErrorMvcAutoConfiguration$WhitelabelErrorViewConfiguration.class]] with [Root bean: class [null]; scope=; abstract=false; lazyInit=false; autowireMode=3; dependencyCheck=0; autowireCandidate=true; primary=false; factoryBeanName=org.springframework.boot.autoconfigure.web.WebMvcAutoConfiguration$WebMvcAutoConfigurationAdapter; factoryMethodName=beanNameViewResolver; initMethodName=null; destroyMethodName=(inferred); defined in class path resource [org/springframework/boot/autoconfigure/web/WebMvcAutoConfiguration$WebMvcAutoConfigurationAdapter.class]]
  2017-05-09 10:07:27,988  WARN ClassPathMapperScanner:167 - No MyBatis mapper was found in '[com.softisland]' package. Please check your configuration.
  2017-05-09 10:07:28,312  INFO PostProcessorRegistrationDelegate$BeanPostProcessorChecker:328 - Bean 'org.springframework.transaction.annotation.ProxyTransactionManagementConfiguration' of type [class org.springframework.transaction.annotation.ProxyTransactionManagementConfiguration$$EnhancerBySpringCGLIB$$9a3703e6] is not eligible for getting processed by all BeanPostProcessors (for example: not eligible for auto-proxying)
  2017-05-09 10:07:28,859  INFO TomcatEmbeddedServletContainer:81 - Tomcat initialized with port(s): 8085 (http)
  2017-05-09 10:07:28,871  INFO StandardService:180 - Starting service Tomcat
  2017-05-09 10:07:28,872  INFO StandardEngine:180 - Starting Servlet Engine: Apache Tomcat/8.0.30
  2017-05-09 10:07:29,149  INFO TldScanner:180 - At least one JAR was scanned for TLDs yet contained no TLDs. Enable debug logging for this logger for a complete list of JARs that were scanned but no TLDs were found in them. Skipping unneeded JARs during scanning can improve startup time and JSP compilation time.
  2017-05-09 10:07:29,151  INFO [/]:180 - Initializing Spring embedded WebApplicationContext
  2017-05-09 10:07:29,151  INFO ContextLoader:272 - Root WebApplicationContext: initialization completed in 1808 ms
  2017-05-09 10:07:29,378  INFO ServletRegistrationBean:189 - Mapping servlet: 'dispatcherServlet' to [/]
  2017-05-09 10:07:29,381  INFO FilterRegistrationBean:258 - Mapping filter: 'characterEncodingFilter' to: [/*]
  2017-05-09 10:07:29,382  INFO FilterRegistrationBean:258 - Mapping filter: 'hiddenHttpMethodFilter' to: [/*]
  2017-05-09 10:07:29,382  INFO FilterRegistrationBean:258 - Mapping filter: 'httpPutFormContentFilter' to: [/*]
  2017-05-09 10:07:29,383  INFO FilterRegistrationBean:258 - Mapping filter: 'requestContextFilter' to: [/*]
  2017-05-09 10:07:30,363  INFO StdSchedulerFactory:1184 - Using default implementation for ThreadExecutor
  2017-05-09 10:07:30,374  INFO SchedulerSignalerImpl:61 - Initialized Scheduler Signaller of type: class org.quartz.core.SchedulerSignalerImpl
  2017-05-09 10:07:30,375  INFO QuartzScheduler:240 - Quartz Scheduler v.2.2.1 created.
  2017-05-09 10:07:30,376  INFO RAMJobStore:155 - RAMJobStore initialized.
  2017-05-09 10:07:30,377  INFO QuartzScheduler:305 - Scheduler meta-data: Quartz Scheduler (v2.2.1) 'startQuertz' with instanceId 'NON_CLUSTERED'
  Scheduler class: 'org.quartz.core.QuartzScheduler' - running locally.
  NOT STARTED.
  Currently in standby mode.
  Number of jobs executed: 0
  Using thread pool 'org.quartz.simpl.SimpleThreadPool' - with 10 threads.
  Using job-store 'org.quartz.simpl.RAMJobStore' - which does not support persistence. and is not clustered.

  2017-05-09 10:07:30,377  INFO StdSchedulerFactory:1339 - Quartz scheduler 'startQuertz' initialized from an externally provided properties instance.
  2017-05-09 10:07:30,377  INFO StdSchedulerFactory:1343 - Quartz scheduler version: 2.2.1
  2017-05-09 10:07:30,378  INFO QuartzScheduler:2311 - JobFactory set to: org.springframework.scheduling.quartz.AdaptableJobFactory@17b64941
  2017-05-09 10:07:30,664  INFO RequestMappingHandlerAdapter:532 - Looking for @ControllerAdvice: org.springframework.boot.context.embedded.AnnotationConfigEmbeddedWebApplicationContext@7ce6a65d: startup date [Tue May 09 10:07:27 CST 2017]; root of context hierarchy
  2017-05-09 10:07:30,710  INFO RequestMappingHandlerMapping:527 - Mapped "{[/message]}" onto public void com.softisland.controller.TestConcller.message()
  2017-05-09 10:07:30,711  INFO RequestMappingHandlerMapping:527 - Mapped "{[/addPayMent]}" onto public void com.softisland.controller.TestConcller.addPayMent()
  2017-05-09 10:07:30,711  INFO RequestMappingHandlerMapping:527 - Mapped "{[/addCoupon]}" onto public void com.softisland.controller.TestConcller.addCoupon()
  2017-05-09 10:07:30,711  INFO RequestMappingHandlerMapping:527 - Mapped "{[/defaultPage]}" onto public org.springframework.web.servlet.ModelAndView com.softisland.controller.TestConcller.defaultPage()
  2017-05-09 10:07:30,711  INFO RequestMappingHandlerMapping:527 - Mapped "{[/webSet]}" onto public org.springframework.web.servlet.ModelAndView com.softisland.controller.TestConcller.webSet()
  2017-05-09 10:07:30,712  INFO RequestMappingHandlerMapping:527 - Mapped "{[/save]}" onto public void com.softisland.controller.TestConcller.setKey()
  2017-05-09 10:07:30,713  INFO RequestMappingHandlerMapping:527 - Mapped "{[/error]}" onto public org.springframework.http.ResponseEntity<java.util.Map<java.lang.String, java.lang.Object>> org.springframework.boot.autoconfigure.web.BasicErrorController.error(javax.servlet.http.HttpServletRequest)
  2017-05-09 10:07:30,713  INFO RequestMappingHandlerMapping:527 - Mapped "{[/error],produces=[text/html]}" onto public org.springframework.web.servlet.ModelAndView org.springframework.boot.autoconfigure.web.BasicErrorController.errorHtml(javax.servlet.http.HttpServletRequest,javax.servlet.http.HttpServletResponse)
  2017-05-09 10:07:30,735  INFO SimpleUrlHandlerMapping:341 - Mapped URL path [/webjars/**] onto handler of type [class org.springframework.web.servlet.resource.ResourceHttpRequestHandler]
  2017-05-09 10:07:30,735  INFO SimpleUrlHandlerMapping:341 - Mapped URL path [/**] onto handler of type [class org.springframework.web.servlet.resource.ResourceHttpRequestHandler]
  2017-05-09 10:07:30,761  INFO SimpleUrlHandlerMapping:341 - Mapped URL path [/**/favicon.ico] onto handler of type [class org.springframework.web.servlet.resource.ResourceHttpRequestHandler]
  2017-05-09 10:07:30,881  INFO AnnotationMBeanExporter:431 - Registering beans for JMX exposure on startup
  2017-05-09 10:07:30,882  INFO AnnotationMBeanExporter:912 - Bean with name 'DataSource' has been autodetected for JMX exposure
  2017-05-09 10:07:30,882  INFO AnnotationMBeanExporter:912 - Bean with name 'DataSource2' has been autodetected for JMX exposure
  2017-05-09 10:07:30,885  INFO AnnotationMBeanExporter:667 - Located MBean 'DataSource2': registering with JMX server as MBean [com.alibaba.druid.pool:name=DataSource2,type=DruidDataSource]
  2017-05-09 10:07:30,887  INFO AnnotationMBeanExporter:667 - Located MBean 'DataSource': registering with JMX server as MBean [com.alibaba.druid.pool:name=DataSource,type=DruidDataSource]
  2017-05-09 10:07:30,890  INFO DefaultLifecycleProcessor:341 - Starting beans in phase 2147483647
  2017-05-09 10:07:30,890  INFO SchedulerFactoryBean:647 - Starting Quartz Scheduler now
  2017-05-09 10:07:30,890  INFO QuartzScheduler:575 - Scheduler startQuertz_$_NON_CLUSTERED started.
  2017-05-09 10:07:30,911  INFO Http11NioProtocol:180 - Initializing ProtocolHandler ["http-nio-8085"]
  2017-05-09 10:07:30,916  INFO Http11NioProtocol:180 - Starting ProtocolHandler ["http-nio-8085"]
  2017-05-09 10:07:30,926  INFO NioSelectorPool:180 - Using a shared selector for servlet write/read
  2017-05-09 10:07:30,945  INFO TomcatEmbeddedServletContainer:162 - Tomcat started on port(s): 8085 (http)
  2017-05-09 10:07:30,948  INFO AppController:57 - Started AppController in 3.851 seconds (JVM running for 4.116)
  